<?xml version="1.0" encoding="UTF-8"?>
<testsuite xmlns:xsi="http://www.w3.org/2001/XMLSchema-instance" xsi:noNamespaceSchemaLocation="https://maven.apache.org/surefire/maven-surefire-plugin/xsd/surefire-test-report-3.0.xsd" version="3.0" name="TestSuite" time="19.983" tests="6" errors="0" skipped="0" failures="0">
  <properties>
    <property name="java.specification.version" value="15"/>
    <property name="webdriver.chrome.driver" value="/Users/ahmadkhalili/Desktop/Streams/chromedriver"/>
    <property name="sun.jnu.encoding" value="UTF-8"/>
    <property name="java.class.path" value="/Users/ahmadkhalili/Desktop/Streams/target/test-classes:/Users/ahmadkhalili/Desktop/Streams/target/classes:/Users/ahmadkhalili/.m2/repository/org/testng/testng/7.4.0/testng-7.4.0.jar:/Users/ahmadkhalili/.m2/repository/com/beust/jcommander/1.78/jcommander-1.78.jar:/Users/ahmadkhalili/.m2/repository/org/webjars/jquery/3.5.1/jquery-3.5.1.jar:/Users/ahmadkhalili/.m2/repository/org/seleniumhq/selenium/selenium-server/4.0.0-alpha-2/selenium-server-4.0.0-alpha-2.jar:/Users/ahmadkhalili/.m2/repository/org/seleniumhq/selenium/selenium-java/4.0.0-alpha-2/selenium-java-4.0.0-alpha-2.jar:/Users/ahmadkhalili/.m2/repository/org/seleniumhq/selenium/selenium-chrome-driver/4.0.0-alpha-2/selenium-chrome-driver-4.0.0-alpha-2.jar:/Users/ahmadkhalili/.m2/repository/org/seleniumhq/selenium/selenium-chromium-driver/4.0.0-alpha-2/selenium-chromium-driver-4.0.0-alpha-2.jar:/Users/ahmadkhalili/.m2/repository/org/seleniumhq/selenium/selenium-edgehtml-driver/4.0.0-alpha-2/selenium-edgehtml-driver-4.0.0-alpha-2.jar:/Users/ahmadkhalili/.m2/repository/org/seleniumhq/selenium/selenium-edge-driver/4.0.0-alpha-2/selenium-edge-driver-4.0.0-alpha-2.jar:/Users/ahmadkhalili/.m2/repository/org/seleniumhq/selenium/selenium-firefox-xpi-driver/4.0.0-alpha-2/selenium-firefox-xpi-driver-4.0.0-alpha-2.jar:/Users/ahmadkhalili/.m2/repository/org/seleniumhq/selenium/selenium-ie-driver/4.0.0-alpha-2/selenium-ie-driver-4.0.0-alpha-2.jar:/Users/ahmadkhalili/.m2/repository/org/seleniumhq/selenium/selenium-remote-driver/4.0.0-alpha-2/selenium-remote-driver-4.0.0-alpha-2.jar:/Users/ahmadkhalili/.m2/repository/org/seleniumhq/selenium/selenium-api/4.0.0-alpha-2/selenium-api-4.0.0-alpha-2.jar:/Users/ahmadkhalili/.m2/repository/net/bytebuddy/byte-buddy/1.9.12/byte-buddy-1.9.12.jar:/Users/ahmadkhalili/.m2/repository/org/apache/commons/commons-exec/1.3/commons-exec-1.3.jar:/Users/ahmadkhalili/.m2/repository/io/opentracing/contrib/opentracing-tracerresolver/0.1.7/opentracing-tracerresolver-0.1.7.jar:/Users/ahmadkhalili/.m2/repository/io/opentracing/opentracing-api/0.33.0/opentracing-api-0.33.0.jar:/Users/ahmadkhalili/.m2/repository/com/google/guava/guava/27.1-jre/guava-27.1-jre.jar:/Users/ahmadkhalili/.m2/repository/com/google/guava/failureaccess/1.0.1/failureaccess-1.0.1.jar:/Users/ahmadkhalili/.m2/repository/com/google/guava/listenablefuture/9999.0-empty-to-avoid-conflict-with-guava/listenablefuture-9999.0-empty-to-avoid-conflict-with-guava.jar:/Users/ahmadkhalili/.m2/repository/com/google/code/findbugs/jsr305/3.0.2/jsr305-3.0.2.jar:/Users/ahmadkhalili/.m2/repository/org/checkerframework/checker-qual/2.5.2/checker-qual-2.5.2.jar:/Users/ahmadkhalili/.m2/repository/com/google/errorprone/error_prone_annotations/2.2.0/error_prone_annotations-2.2.0.jar:/Users/ahmadkhalili/.m2/repository/com/google/j2objc/j2objc-annotations/1.1/j2objc-annotations-1.1.jar:/Users/ahmadkhalili/.m2/repository/org/codehaus/mojo/animal-sniffer-annotations/1.17/animal-sniffer-annotations-1.17.jar:/Users/ahmadkhalili/.m2/repository/com/squareup/okhttp3/okhttp/3.14.0/okhttp-3.14.0.jar:/Users/ahmadkhalili/.m2/repository/com/squareup/okio/okio/1.17.2/okio-1.17.2.jar:/Users/ahmadkhalili/.m2/repository/io/opentracing/opentracing-util/0.33.0/opentracing-util-0.33.0.jar:/Users/ahmadkhalili/.m2/repository/io/opentracing/opentracing-noop/0.33.0/opentracing-noop-0.33.0.jar:/Users/ahmadkhalili/.m2/repository/org/seleniumhq/selenium/selenium-opera-driver/4.0.0-alpha-2/selenium-opera-driver-4.0.0-alpha-2.jar:/Users/ahmadkhalili/.m2/repository/org/seleniumhq/selenium/selenium-safari-driver/4.0.0-alpha-2/selenium-safari-driver-4.0.0-alpha-2.jar:/Users/ahmadkhalili/.m2/repository/org/seleniumhq/selenium/selenium-support/4.0.0-alpha-2/selenium-support-4.0.0-alpha-2.jar:/Users/ahmadkhalili/.m2/repository/org/seleniumhq/selenium/grid/4.0.0-alpha-2/grid-4.0.0-alpha-2.jar:/Users/ahmadkhalili/.m2/repository/org/seleniumhq/selenium/selenium-firefox-driver/4.0.0-alpha-2/selenium-firefox-driver-4.0.0-alpha-2.jar:/Users/ahmadkhalili/.m2/repository/org/seleniumhq/selenium/jetty-repacked/9.4.12.v20180830.1/jetty-repacked-9.4.12.v20180830.1.jar:/Users/ahmadkhalili/.m2/repository/javax/servlet/javax.servlet-api/3.1.0/javax.servlet-api-3.1.0.jar:/Users/ahmadkhalili/.m2/repository/org/slf4j/slf4j-api/1.7.25/slf4j-api-1.7.25.jar:/Users/ahmadkhalili/.m2/repository/org/zeromq/jeromq/0.5.1/jeromq-0.5.1.jar:/Users/ahmadkhalili/.m2/repository/eu/neilalexander/jnacl/1.0.0/jnacl-1.0.0.jar:/Users/ahmadkhalili/.m2/repository/net/jcip/jcip-annotations/1.0/jcip-annotations-1.0.jar:/Users/ahmadkhalili/.m2/repository/org/yaml/snakeyaml/1.24/snakeyaml-1.24.jar:"/>
    <property name="java.vm.vendor" value="Oracle Corporation"/>
    <property name="sun.arch.data.model" value="64"/>
    <property name="java.vendor.url" value="https://java.oracle.com/"/>
    <property name="user.timezone" value="America/New_York"/>
    <property name="os.name" value="Mac OS X"/>
    <property name="java.vm.specification.version" value="15"/>
    <property name="sun.java.launcher" value="SUN_STANDARD"/>
    <property name="user.country" value="US"/>
    <property name="sun.boot.library.path" value="/Library/Java/JavaVirtualMachines/jdk-15.0.2.jdk/Contents/Home/lib"/>
    <property name="sun.java.command" value="/Users/ahmadkhalili/Desktop/Streams/target/surefire/surefirebooter659994553957282600.jar /Users/ahmadkhalili/Desktop/Streams/target/surefire 2021-03-11T04-12-09_254-jvmRun1 surefire12179326709493970412tmp surefire_04611043948460246083tmp"/>
    <property name="http.nonProxyHosts" value="local|*.local|169.254/16|*.169.254/16"/>
    <property name="jdk.debug" value="release"/>
    <property name="surefire.test.class.path" value="/Users/ahmadkhalili/Desktop/Streams/target/test-classes:/Users/ahmadkhalili/Desktop/Streams/target/classes:/Users/ahmadkhalili/.m2/repository/org/testng/testng/7.4.0/testng-7.4.0.jar:/Users/ahmadkhalili/.m2/repository/com/beust/jcommander/1.78/jcommander-1.78.jar:/Users/ahmadkhalili/.m2/repository/org/webjars/jquery/3.5.1/jquery-3.5.1.jar:/Users/ahmadkhalili/.m2/repository/org/seleniumhq/selenium/selenium-server/4.0.0-alpha-2/selenium-server-4.0.0-alpha-2.jar:/Users/ahmadkhalili/.m2/repository/org/seleniumhq/selenium/selenium-java/4.0.0-alpha-2/selenium-java-4.0.0-alpha-2.jar:/Users/ahmadkhalili/.m2/repository/org/seleniumhq/selenium/selenium-chrome-driver/4.0.0-alpha-2/selenium-chrome-driver-4.0.0-alpha-2.jar:/Users/ahmadkhalili/.m2/repository/org/seleniumhq/selenium/selenium-chromium-driver/4.0.0-alpha-2/selenium-chromium-driver-4.0.0-alpha-2.jar:/Users/ahmadkhalili/.m2/repository/org/seleniumhq/selenium/selenium-edgehtml-driver/4.0.0-alpha-2/selenium-edgehtml-driver-4.0.0-alpha-2.jar:/Users/ahmadkhalili/.m2/repository/org/seleniumhq/selenium/selenium-edge-driver/4.0.0-alpha-2/selenium-edge-driver-4.0.0-alpha-2.jar:/Users/ahmadkhalili/.m2/repository/org/seleniumhq/selenium/selenium-firefox-xpi-driver/4.0.0-alpha-2/selenium-firefox-xpi-driver-4.0.0-alpha-2.jar:/Users/ahmadkhalili/.m2/repository/org/seleniumhq/selenium/selenium-ie-driver/4.0.0-alpha-2/selenium-ie-driver-4.0.0-alpha-2.jar:/Users/ahmadkhalili/.m2/repository/org/seleniumhq/selenium/selenium-remote-driver/4.0.0-alpha-2/selenium-remote-driver-4.0.0-alpha-2.jar:/Users/ahmadkhalili/.m2/repository/org/seleniumhq/selenium/selenium-api/4.0.0-alpha-2/selenium-api-4.0.0-alpha-2.jar:/Users/ahmadkhalili/.m2/repository/net/bytebuddy/byte-buddy/1.9.12/byte-buddy-1.9.12.jar:/Users/ahmadkhalili/.m2/repository/org/apache/commons/commons-exec/1.3/commons-exec-1.3.jar:/Users/ahmadkhalili/.m2/repository/io/opentracing/contrib/opentracing-tracerresolver/0.1.7/opentracing-tracerresolver-0.1.7.jar:/Users/ahmadkhalili/.m2/repository/io/opentracing/opentracing-api/0.33.0/opentracing-api-0.33.0.jar:/Users/ahmadkhalili/.m2/repository/com/google/guava/guava/27.1-jre/guava-27.1-jre.jar:/Users/ahmadkhalili/.m2/repository/com/google/guava/failureaccess/1.0.1/failureaccess-1.0.1.jar:/Users/ahmadkhalili/.m2/repository/com/google/guava/listenablefuture/9999.0-empty-to-avoid-conflict-with-guava/listenablefuture-9999.0-empty-to-avoid-conflict-with-guava.jar:/Users/ahmadkhalili/.m2/repository/com/google/code/findbugs/jsr305/3.0.2/jsr305-3.0.2.jar:/Users/ahmadkhalili/.m2/repository/org/checkerframework/checker-qual/2.5.2/checker-qual-2.5.2.jar:/Users/ahmadkhalili/.m2/repository/com/google/errorprone/error_prone_annotations/2.2.0/error_prone_annotations-2.2.0.jar:/Users/ahmadkhalili/.m2/repository/com/google/j2objc/j2objc-annotations/1.1/j2objc-annotations-1.1.jar:/Users/ahmadkhalili/.m2/repository/org/codehaus/mojo/animal-sniffer-annotations/1.17/animal-sniffer-annotations-1.17.jar:/Users/ahmadkhalili/.m2/repository/com/squareup/okhttp3/okhttp/3.14.0/okhttp-3.14.0.jar:/Users/ahmadkhalili/.m2/repository/com/squareup/okio/okio/1.17.2/okio-1.17.2.jar:/Users/ahmadkhalili/.m2/repository/io/opentracing/opentracing-util/0.33.0/opentracing-util-0.33.0.jar:/Users/ahmadkhalili/.m2/repository/io/opentracing/opentracing-noop/0.33.0/opentracing-noop-0.33.0.jar:/Users/ahmadkhalili/.m2/repository/org/seleniumhq/selenium/selenium-opera-driver/4.0.0-alpha-2/selenium-opera-driver-4.0.0-alpha-2.jar:/Users/ahmadkhalili/.m2/repository/org/seleniumhq/selenium/selenium-safari-driver/4.0.0-alpha-2/selenium-safari-driver-4.0.0-alpha-2.jar:/Users/ahmadkhalili/.m2/repository/org/seleniumhq/selenium/selenium-support/4.0.0-alpha-2/selenium-support-4.0.0-alpha-2.jar:/Users/ahmadkhalili/.m2/repository/org/seleniumhq/selenium/grid/4.0.0-alpha-2/grid-4.0.0-alpha-2.jar:/Users/ahmadkhalili/.m2/repository/org/seleniumhq/selenium/selenium-firefox-driver/4.0.0-alpha-2/selenium-firefox-driver-4.0.0-alpha-2.jar:/Users/ahmadkhalili/.m2/repository/org/seleniumhq/selenium/jetty-repacked/9.4.12.v20180830.1/jetty-repacked-9.4.12.v20180830.1.jar:/Users/ahmadkhalili/.m2/repository/javax/servlet/javax.servlet-api/3.1.0/javax.servlet-api-3.1.0.jar:/Users/ahmadkhalili/.m2/repository/org/slf4j/slf4j-api/1.7.25/slf4j-api-1.7.25.jar:/Users/ahmadkhalili/.m2/repository/org/zeromq/jeromq/0.5.1/jeromq-0.5.1.jar:/Users/ahmadkhalili/.m2/repository/eu/neilalexander/jnacl/1.0.0/jnacl-1.0.0.jar:/Users/ahmadkhalili/.m2/repository/net/jcip/jcip-annotations/1.0/jcip-annotations-1.0.jar:/Users/ahmadkhalili/.m2/repository/org/yaml/snakeyaml/1.24/snakeyaml-1.24.jar:"/>
    <property name="sun.cpu.endian" value="little"/>
    <property name="user.home" value="/Users/ahmadkhalili"/>
    <property name="user.language" value="en"/>
    <property name="java.specification.vendor" value="Oracle Corporation"/>
    <property name="java.version.date" value="2021-01-19"/>
    <property name="java.home" value="/Library/Java/JavaVirtualMachines/jdk-15.0.2.jdk/Contents/Home"/>
    <property name="file.separator" value="/"/>
    <property name="basedir" value="/Users/ahmadkhalili/Desktop/Streams"/>
    <property name="java.vm.compressedOopsMode" value="Zero based"/>
    <property name="line.separator" value="&#10;"/>
    <property name="java.specification.name" value="Java Platform API Specification"/>
    <property name="java.vm.specification.vendor" value="Oracle Corporation"/>
    <property name="surefire.real.class.path" value="/Users/ahmadkhalili/Desktop/Streams/target/surefire/surefirebooter659994553957282600.jar"/>
    <property name="sun.management.compiler" value="HotSpot 64-Bit Tiered Compilers"/>
    <property name="ftp.nonProxyHosts" value="local|*.local|169.254/16|*.169.254/16"/>
    <property name="java.runtime.version" value="15.0.2+7-27"/>
    <property name="user.name" value="ahmadkhalili"/>
    <property name="path.separator" value=":"/>
    <property name="os.version" value="10.15.3"/>
    <property name="java.runtime.name" value="OpenJDK Runtime Environment"/>
    <property name="file.encoding" value="UTF-8"/>
    <property name="java.vm.name" value="OpenJDK 64-Bit Server VM"/>
    <property name="localRepository" value="/Users/ahmadkhalili/.m2/repository"/>
    <property name="java.vendor.url.bug" value="https://bugreport.java.com/bugreport/"/>
    <property name="java.io.tmpdir" value="/var/folders/pb/68d59djx3sl71rs44cjdk4_80000gn/T/"/>
    <property name="java.version" value="15.0.2"/>
    <property name="user.dir" value="/Users/ahmadkhalili/Desktop/Streams"/>
    <property name="os.arch" value="x86_64"/>
    <property name="java.vm.specification.name" value="Java Virtual Machine Specification"/>
    <property name="java.library.path" value="/Users/ahmadkhalili/Library/Java/Extensions:/Library/Java/Extensions:/Network/Library/Java/Extensions:/System/Library/Java/Extensions:/usr/lib/java:."/>
    <property name="java.vm.info" value="mixed mode, sharing"/>
    <property name="java.vendor" value="Oracle Corporation"/>
    <property name="java.vm.version" value="15.0.2+7-27"/>
    <property name="sun.io.unicode.encoding" value="UnicodeBig"/>
    <property name="socksNonProxyHosts" value="local|*.local|169.254/16|*.169.254/16"/>
    <property name="java.class.version" value="59.0"/>
  </properties>
  <testcase name="ArrayToArrayListAndSort" classname="StreamsTest" time="0.045">
    <system-out><![CDATA[Even Numbers: [2, 4, 6, 8]
Odd Numbers: [1, 3, 5, 7]
]]></system-out>
  </testcase>
  <testcase name="distinctSort" classname="StreamsTest" time="0">
    <system-out><![CDATA[[2, 2, 3, 4, 7, 7, 8]
2
3
4
7
8
]]></system-out>
  </testcase>
  <testcase name="interviewQuestion" classname="StreamsTest" time="0.037">
    <system-out><![CDATA[    input:  [0, 1, 2, 3]   output:  [bang, buzz, fizz, buzz]
]]></system-out>
  </testcase>
  <testcase name="StreamsExample1" classname="Streams2Test" time="0.275">
    <system-err><![CDATA[Starting ChromeDriver 89.0.4389.23 (61b08ee2c50024bab004e48d2b1b083cdbdac579-refs/branch-heads/4389@{#294}) on port 42965
Only local connections are allowed.
Please see https://chromedriver.chromium.org/security-considerations for suggestions on keeping ChromeDriver safe.
ChromeDriver was started successfully.
Mar 11, 2021 4:12:15 AM org.openqa.selenium.remote.ProtocolHandshake createSession
INFO: Detected dialect: W3C
]]></system-err>
  </testcase>
  <testcase name="StreamsExample2" classname="Streams2Test" time="0.29">
    <system-err><![CDATA[Starting ChromeDriver 89.0.4389.23 (61b08ee2c50024bab004e48d2b1b083cdbdac579-refs/branch-heads/4389@{#294}) on port 30063
Only local connections are allowed.
Please see https://chromedriver.chromium.org/security-considerations for suggestions on keeping ChromeDriver safe.
ChromeDriver was started successfully.
Mar 11, 2021 4:12:20 AM org.openqa.selenium.remote.ProtocolHandshake createSession
INFO: Detected dialect: W3C
]]></system-err>
  </testcase>
  <testcase name="StreamsExample3" classname="Streams2Test" time="0.908">
    <system-out><![CDATA[23
]]></system-out>
    <system-err><![CDATA[Starting ChromeDriver 89.0.4389.23 (61b08ee2c50024bab004e48d2b1b083cdbdac579-refs/branch-heads/4389@{#294}) on port 3859
Only local connections are allowed.
Please see https://chromedriver.chromium.org/security-considerations for suggestions on keeping ChromeDriver safe.
ChromeDriver was started successfully.
Mar 11, 2021 4:12:27 AM org.openqa.selenium.remote.ProtocolHandshake createSession
INFO: Detected dialect: W3C
]]></system-err>
  </testcase>
</testsuite>