<?xml version="1.0" encoding="UTF-8"?>
<!-- Generated by org.testng.reporters.JUnitReportReporter -->
<testsuite hostname="ahmads-MBP.home" failures="0" tests="3" name="Streams2Test" time="18.714" errors="0" timestamp="2021-03-11T04:12:31 EST" skipped="0">
  <testcase classname="Streams2Test" name="StreamsExample3" time="5.046"/>
  <system-out/>
  <testcase classname="Streams2Test" name="StreamsExample2" time="6.194"/>
  <system-out/>
  <testcase classname="Streams2Test" name="StreamsExample1" time="7.474"/>
  <system-out/>
</testsuite> <!-- Streams2Test -->
