<?xml version="1.0" encoding="UTF-8"?>
<!-- Generated by org.testng.reporters.JUnitReportReporter -->
<testsuite hostname="ahmads-MBP.home" failures="0" tests="3" name="StreamsTest" time="0.074" errors="0" timestamp="2021-03-11T04:12:31 EST" skipped="0">
  <testcase classname="StreamsTest" name="ArrayToArrayListAndSort" time="0.038"/>
  <system-out/>
  <testcase classname="StreamsTest" name="interviewQuestion" time="0.036"/>
  <system-out/>
  <testcase classname="StreamsTest" name="distinctSort" time="0.000"/>
  <system-out/>
</testsuite> <!-- StreamsTest -->
